{"name":"Test to check Mandate creation flow","status":"broken","statusDetails":{"known":false,"muted":false,"flaky":false,"message":"Expected condition failed: waiting for visibility of element located by By.xpath: .//*[@id='mandateInfoContainer']/div/div/div[1]/dl/dd[4] (tried for 60 second(s) with 500 milliseconds interval)","trace":"org.openqa.selenium.TimeoutException: Expected condition failed: waiting for visibility of element located by By.xpath: .//*[@id='mandateInfoContainer']/div/div/div[1]/dl/dd[4] (tried for 60 second(s) with 500 milliseconds interval)\r\n\tat org.openqa.selenium.support.ui.WebDriverWait.timeoutException(WebDriverWait.java:95)\r\n\tat org.openqa.selenium.support.ui.FluentWait.until(FluentWait.java:272)\r\n\tat utilies.UserActions.waitForElementVisible(UserActions.java:497)\r\n\tat spspages.MandatePage.createActiveMandateEventReport(MandatePage.java:617)\r\n\tat sddEventReport.EVREP_SDD_004_Sdd_CreationTest.EVREP_SDD_004_Sdd_Creation(EVREP_SDD_004_Sdd_CreationTest.java:47)\r\n\tat sun.reflect.NativeMethodAccessorImpl.invoke0(Native Method)\r\n\tat sun.reflect.NativeMethodAccessorImpl.invoke(NativeMethodAccessorImpl.java:62)\r\n\tat sun.reflect.DelegatingMethodAccessorImpl.invoke(DelegatingMethodAccessorImpl.java:43)\r\n\tat java.lang.reflect.Method.invoke(Method.java:498)\r\n\tat org.testng.internal.MethodInvocationHelper.invokeMethod(MethodInvocationHelper.java:134)\r\n\tat org.testng.internal.TestInvoker.invokeMethod(TestInvoker.java:597)\r\n\tat org.testng.internal.TestInvoker.invokeTestMethod(TestInvoker.java:173)\r\n\tat org.testng.internal.MethodRunner.runInSequence(MethodRunner.java:46)\r\n\tat org.testng.internal.TestInvoker$MethodInvocationAgent.invoke(TestInvoker.java:816)\r\n\tat org.testng.internal.TestInvoker.invokeTestMethods(TestInvoker.java:146)\r\n\tat org.testng.internal.TestMethodWorker.invokeTestMethods(TestMethodWorker.java:146)\r\n\tat org.testng.internal.TestMethodWorker.run(TestMethodWorker.java:128)\r\n\tat java.util.concurrent.ThreadPoolExecutor.runWorker(ThreadPoolExecutor.java:1149)\r\n\tat java.util.concurrent.ThreadPoolExecutor$Worker.run(ThreadPoolExecutor.java:624)\r\n\tat java.lang.Thread.run(Thread.java:748)\r\nCaused by: org.openqa.selenium.NoSuchElementException: no such element: Unable to locate element: {\"method\":\"xpath\",\"selector\":\".//*[@id='mandateInfoContainer']/div/div/div[1]/dl/dd[4]\"}\n  (Session info: chrome=86.0.4240.183)\nFor documentation on this error, please visit: https://www.seleniumhq.org/exceptions/no_such_element.html\nBuild info: version: '3.141.59', revision: 'e82be7d358', time: '2018-11-14T08:17:03'\nSystem info: host: 'DESKTOP-L3OAS3D', ip: '10.89.65.191', os.name: 'Windows 10', os.arch: 'amd64', os.version: '10.0', java.version: '1.8.0_192'\nDriver info: org.openqa.selenium.chrome.ChromeDriver\nCapabilities {acceptInsecureCerts: false, browserName: chrome, browserVersion: 86.0.4240.183, chrome: {chromedriverVersion: 86.0.4240.22 (398b0743353ff..., userDataDir: C:\\Users\\A687416\\AppData\\Lo...}, goog:chromeOptions: {debuggerAddress: localhost:63202}, javascriptEnabled: true, networkConnectionEnabled: false, pageLoadStrategy: normal, platform: WINDOWS, platformName: WINDOWS, proxy: Proxy(), setWindowRect: true, strictFileInteractability: false, timeouts: {implicit: 0, pageLoad: 300000, script: 30000}, unhandledPromptBehavior: dismiss and notify, webauthn:virtualAuthenticators: true}\nSession ID: 4818d53479fd60e74616c58a43aa7a52\n*** Element info: {Using=xpath, value=.//*[@id='mandateInfoContainer']/div/div/div[1]/dl/dd[4]}\r\n\tat sun.reflect.NativeConstructorAccessorImpl.newInstance0(Native Method)\r\n\tat sun.reflect.NativeConstructorAccessorImpl.newInstance(NativeConstructorAccessorImpl.java:62)\r\n\tat sun.reflect.DelegatingConstructorAccessorImpl.newInstance(DelegatingConstructorAccessorImpl.java:45)\r\n\tat java.lang.reflect.Constructor.newInstance(Constructor.java:423)\r\n\tat org.openqa.selenium.remote.http.W3CHttpResponseCodec.createException(W3CHttpResponseCodec.java:187)\r\n\tat org.openqa.selenium.remote.http.W3CHttpResponseCodec.decode(W3CHttpResponseCodec.java:122)\r\n\tat org.openqa.selenium.remote.http.W3CHttpResponseCodec.decode(W3CHttpResponseCodec.java:49)\r\n\tat org.openqa.selenium.remote.HttpCommandExecutor.execute(HttpCommandExecutor.java:158)\r\n\tat org.openqa.selenium.remote.service.DriverCommandExecutor.execute(DriverCommandExecutor.java:83)\r\n\tat org.openqa.selenium.remote.RemoteWebDriver.execute(RemoteWebDriver.java:552)\r\n\tat org.openqa.selenium.remote.RemoteWebDriver.findElement(RemoteWebDriver.java:323)\r\n\tat org.openqa.selenium.remote.RemoteWebDriver.findElementByXPath(RemoteWebDriver.java:428)\r\n\tat org.openqa.selenium.By$ByXPath.findElement(By.java:353)\r\n\tat org.openqa.selenium.remote.RemoteWebDriver.findElement(RemoteWebDriver.java:315)\r\n\tat org.openqa.selenium.support.ui.ExpectedConditions$7.apply(ExpectedConditions.java:205)\r\n\tat org.openqa.selenium.support.ui.ExpectedConditions$7.apply(ExpectedConditions.java:201)\r\n\tat org.openqa.selenium.support.ui.FluentWait.until(FluentWait.java:249)\r\n\t... 18 more\r\n"},"stage":"finished","description":"To verify mandate creation in active status","steps":[{"name":"User Logs in the application with user eventreport.","status":"passed","stage":"finished","steps":[],"attachments":[{"name":"Page screenshot","source":"2fb68711-a3de-4e3a-bbcd-520e2d0e7934-attachment","type":"image/png"}],"parameters":[{"name":"user","value":"eventreport"}],"start":1604638139530,"stop":1604638153284},{"name":"User selects menu with value {Submenu} ","status":"passed","stage":"finished","steps":[],"attachments":[],"parameters":[{"name":"menu","value":"Mandates Management"},{"name":"subMenu","value":"New Mandate"}],"start":1604638153287,"stop":1604638160517}],"attachments":[{"name":"Page screenshot","source":"e7436c5f-3136-46e2-921d-529af3e13779-attachment","type":"image/png"}],"parameters":[{"name":"environment","value":"RCI"},{"name":"browser","value":"chromelocal"}],"start":1604638136904,"stop":1604638232949,"uuid":"0423c3e2-da20-473d-ae29-970bf2d63d81","historyId":"457fc3d7f4340e4d561efc3c92149c5d","fullName":"sddEventReport.EVREP_SDD_004_Sdd_CreationTest.EVREP_SDD_004_Sdd_Creation","labels":[{"name":"package","value":"sddEventReport.EVREP_SDD_004_Sdd_CreationTest"},{"name":"testClass","value":"sddEventReport.EVREP_SDD_004_Sdd_CreationTest"},{"name":"testMethod","value":"EVREP_SDD_004_Sdd_Creation"},{"name":"parentSuite","value":"Suite"},{"name":"suite","value":"Regression for SPS-SCT Event Report"},{"name":"subSuite","value":"sddEventReport.EVREP_SDD_004_Sdd_CreationTest"},{"name":"host","value":"DESKTOP-L3OAS3D"},{"name":"thread","value":"15140@DESKTOP-L3OAS3D.TestNG-test=Regression for SPS-SCT Event Report-1(13)"},{"name":"framework","value":"testng"},{"name":"language","value":"java"}],"links":[]}