{"name":"TC FPLSPSTEST-438 MND_MWF_004_FIC_CFONB","status":"broken","statusDetails":{"known":false,"muted":false,"flaky":false,"message":"Expected condition failed: waiting for visibility of element located by By.xpath: .//*[@id='fileOperationsIntegrated_id']/div[2]/table/tbody/tr[1]/td[1] (tried for 60 second(s) with 500 milliseconds interval)","trace":"org.openqa.selenium.TimeoutException: Expected condition failed: waiting for visibility of element located by By.xpath: .//*[@id='fileOperationsIntegrated_id']/div[2]/table/tbody/tr[1]/td[1] (tried for 60 second(s) with 500 milliseconds interval)\r\n\tat org.openqa.selenium.support.ui.WebDriverWait.timeoutException(WebDriverWait.java:95)\r\n\tat org.openqa.selenium.support.ui.FluentWait.until(FluentWait.java:272)\r\n\tat spspages.FileSupervisionPage.searchFileAndValidate(FileSupervisionPage.java:78)\r\n\tat mandateTest.MND_MWF_004_FIC_CFONB.mnd_mwf_004_fic_CFONB(MND_MWF_004_FIC_CFONB.java:55)\r\n\tat sun.reflect.NativeMethodAccessorImpl.invoke0(Native Method)\r\n\tat sun.reflect.NativeMethodAccessorImpl.invoke(NativeMethodAccessorImpl.java:62)\r\n\tat sun.reflect.DelegatingMethodAccessorImpl.invoke(DelegatingMethodAccessorImpl.java:43)\r\n\tat java.lang.reflect.Method.invoke(Method.java:498)\r\n\tat org.testng.internal.MethodInvocationHelper.invokeMethod(MethodInvocationHelper.java:134)\r\n\tat org.testng.internal.TestInvoker.invokeMethod(TestInvoker.java:597)\r\n\tat org.testng.internal.TestInvoker.invokeTestMethod(TestInvoker.java:173)\r\n\tat org.testng.internal.MethodRunner.runInSequence(MethodRunner.java:46)\r\n\tat org.testng.internal.TestInvoker$MethodInvocationAgent.invoke(TestInvoker.java:816)\r\n\tat org.testng.internal.TestInvoker.invokeTestMethods(TestInvoker.java:146)\r\n\tat org.testng.internal.TestMethodWorker.invokeTestMethods(TestMethodWorker.java:146)\r\n\tat org.testng.internal.TestMethodWorker.run(TestMethodWorker.java:128)\r\n\tat java.util.concurrent.ThreadPoolExecutor.runWorker(ThreadPoolExecutor.java:1149)\r\n\tat java.util.concurrent.ThreadPoolExecutor$Worker.run(ThreadPoolExecutor.java:624)\r\n\tat java.lang.Thread.run(Thread.java:748)\r\nCaused by: org.openqa.selenium.NoSuchElementException: no such element: Unable to locate element: {\"method\":\"xpath\",\"selector\":\".//*[@id='fileOperationsIntegrated_id']/div[2]/table/tbody/tr[1]/td[1]\"}\n  (Session info: chrome=89.0.4389.82)\nFor documentation on this error, please visit: https://www.seleniumhq.org/exceptions/no_such_element.html\nBuild info: version: '3.141.59', revision: 'e82be7d358', time: '2018-11-14T08:17:03'\nSystem info: host: 'DESKTOP-L3OAS3D', ip: '10.89.70.51', os.name: 'Windows 10', os.arch: 'amd64', os.version: '10.0', java.version: '1.8.0_192'\nDriver info: org.openqa.selenium.chrome.ChromeDriver\nCapabilities {acceptInsecureCerts: false, browserName: chrome, browserVersion: 89.0.4389.82, chrome: {chromedriverVersion: 88.0.4324.96 (68dba2d8a0b14..., userDataDir: C:\\Users\\A687416\\AppData\\Lo...}, goog:chromeOptions: {debuggerAddress: localhost:50472}, javascriptEnabled: true, networkConnectionEnabled: false, pageLoadStrategy: normal, platform: WINDOWS, platformName: WINDOWS, proxy: Proxy(), setWindowRect: true, strictFileInteractability: false, timeouts: {implicit: 0, pageLoad: 300000, script: 30000}, unhandledPromptBehavior: dismiss and notify, webauthn:extension:largeBlob: true, webauthn:virtualAuthenticators: true}\nSession ID: 5e3d48b99faefb773b998903c44f0895\n*** Element info: {Using=xpath, value=.//*[@id='fileOperationsIntegrated_id']/div[2]/table/tbody/tr[1]/td[1]}\r\n\tat sun.reflect.GeneratedConstructorAccessor109.newInstance(Unknown Source)\r\n\tat sun.reflect.DelegatingConstructorAccessorImpl.newInstance(DelegatingConstructorAccessorImpl.java:45)\r\n\tat java.lang.reflect.Constructor.newInstance(Constructor.java:423)\r\n\tat org.openqa.selenium.remote.http.W3CHttpResponseCodec.createException(W3CHttpResponseCodec.java:187)\r\n\tat org.openqa.selenium.remote.http.W3CHttpResponseCodec.decode(W3CHttpResponseCodec.java:122)\r\n\tat org.openqa.selenium.remote.http.W3CHttpResponseCodec.decode(W3CHttpResponseCodec.java:49)\r\n\tat org.openqa.selenium.remote.HttpCommandExecutor.execute(HttpCommandExecutor.java:158)\r\n\tat org.openqa.selenium.remote.service.DriverCommandExecutor.execute(DriverCommandExecutor.java:83)\r\n\tat org.openqa.selenium.remote.RemoteWebDriver.execute(RemoteWebDriver.java:552)\r\n\tat org.openqa.selenium.remote.RemoteWebDriver.findElement(RemoteWebDriver.java:323)\r\n\tat org.openqa.selenium.remote.RemoteWebDriver.findElementByXPath(RemoteWebDriver.java:428)\r\n\tat org.openqa.selenium.By$ByXPath.findElement(By.java:353)\r\n\tat org.openqa.selenium.remote.RemoteWebDriver.findElement(RemoteWebDriver.java:315)\r\n\tat org.openqa.selenium.support.ui.ExpectedConditions$7.apply(ExpectedConditions.java:205)\r\n\tat org.openqa.selenium.support.ui.ExpectedConditions$7.apply(ExpectedConditions.java:201)\r\n\tat org.openqa.selenium.support.ui.FluentWait.until(FluentWait.java:249)\r\n\t... 17 more\r\n"},"stage":"finished","description":"TC FPLSPSTEST-438 MND_MWF_004_FIC_CFONB","steps":[{"name":"User Logs in the application with user default.","status":"passed","stage":"finished","steps":[],"attachments":[{"name":"Page screenshot","source":"7937ede6-2b78-483e-a7b6-ca3ad0026718-attachment","type":"image/png"}],"parameters":[{"name":"user","value":"default"}],"start":1615884158079,"stop":1615884168235},{"name":"User selects menu with value {Submenu} ","status":"passed","stage":"finished","steps":[],"attachments":[{"name":"Page screenshot","source":"790e07ad-a422-4986-a01c-a943eba46aa1-attachment","type":"image/png"}],"parameters":[{"name":"menu","value":"File Supervision"},{"name":"subMenu","value":"Upload File"}],"start":1615884168236,"stop":1615884178899},{"name":"User upload csv file for mandate creation","status":"passed","stage":"finished","steps":[],"attachments":[{"name":"Page screenshot","source":"7c5ead8b-33ae-4059-a5c7-103a2cec1df9-attachment","type":"image/png"}],"parameters":[{"name":"filesupervision","value":"testdataobjects.FileSupervision@498a8a72"},{"name":"filepath","value":"C:\\Users\\A687416\\AppData\\Local\\Temp\\createSDDCFONB1909617199421879254.txt"}],"start":1615884178899,"stop":1615884211476},{"name":"User searches uploaded file and Validate the data","status":"broken","statusDetails":{"known":false,"muted":false,"flaky":false,"message":"Expected condition failed: waiting for visibility of element located by By.xpath: .//*[@id='fileOperationsIntegrated_id']/div[2]/table/tbody/tr[1]/td[1] (tried for 60 second(s) with 500 milliseconds interval)","trace":"org.openqa.selenium.TimeoutException: Expected condition failed: waiting for visibility of element located by By.xpath: .//*[@id='fileOperationsIntegrated_id']/div[2]/table/tbody/tr[1]/td[1] (tried for 60 second(s) with 500 milliseconds interval)\r\n\tat org.openqa.selenium.support.ui.WebDriverWait.timeoutException(WebDriverWait.java:95)\r\n\tat org.openqa.selenium.support.ui.FluentWait.until(FluentWait.java:272)\r\n\tat spspages.FileSupervisionPage.searchFileAndValidate(FileSupervisionPage.java:78)\r\n\tat mandateTest.MND_MWF_004_FIC_CFONB.mnd_mwf_004_fic_CFONB(MND_MWF_004_FIC_CFONB.java:55)\r\n\tat sun.reflect.NativeMethodAccessorImpl.invoke0(Native Method)\r\n\tat sun.reflect.NativeMethodAccessorImpl.invoke(NativeMethodAccessorImpl.java:62)\r\n\tat sun.reflect.DelegatingMethodAccessorImpl.invoke(DelegatingMethodAccessorImpl.java:43)\r\n\tat java.lang.reflect.Method.invoke(Method.java:498)\r\n\tat org.testng.internal.MethodInvocationHelper.invokeMethod(MethodInvocationHelper.java:134)\r\n\tat org.testng.internal.TestInvoker.invokeMethod(TestInvoker.java:597)\r\n\tat org.testng.internal.TestInvoker.invokeTestMethod(TestInvoker.java:173)\r\n\tat org.testng.internal.MethodRunner.runInSequence(MethodRunner.java:46)\r\n\tat org.testng.internal.TestInvoker$MethodInvocationAgent.invoke(TestInvoker.java:816)\r\n\tat org.testng.internal.TestInvoker.invokeTestMethods(TestInvoker.java:146)\r\n\tat org.testng.internal.TestMethodWorker.invokeTestMethods(TestMethodWorker.java:146)\r\n\tat org.testng.internal.TestMethodWorker.run(TestMethodWorker.java:128)\r\n\tat java.util.concurrent.ThreadPoolExecutor.runWorker(ThreadPoolExecutor.java:1149)\r\n\tat java.util.concurrent.ThreadPoolExecutor$Worker.run(ThreadPoolExecutor.java:624)\r\n\tat java.lang.Thread.run(Thread.java:748)\r\nCaused by: org.openqa.selenium.NoSuchElementException: no such element: Unable to locate element: {\"method\":\"xpath\",\"selector\":\".//*[@id='fileOperationsIntegrated_id']/div[2]/table/tbody/tr[1]/td[1]\"}\n  (Session info: chrome=89.0.4389.82)\nFor documentation on this error, please visit: https://www.seleniumhq.org/exceptions/no_such_element.html\nBuild info: version: '3.141.59', revision: 'e82be7d358', time: '2018-11-14T08:17:03'\nSystem info: host: 'DESKTOP-L3OAS3D', ip: '10.89.70.51', os.name: 'Windows 10', os.arch: 'amd64', os.version: '10.0', java.version: '1.8.0_192'\nDriver info: org.openqa.selenium.chrome.ChromeDriver\nCapabilities {acceptInsecureCerts: false, browserName: chrome, browserVersion: 89.0.4389.82, chrome: {chromedriverVersion: 88.0.4324.96 (68dba2d8a0b14..., userDataDir: C:\\Users\\A687416\\AppData\\Lo...}, goog:chromeOptions: {debuggerAddress: localhost:50472}, javascriptEnabled: true, networkConnectionEnabled: false, pageLoadStrategy: normal, platform: WINDOWS, platformName: WINDOWS, proxy: Proxy(), setWindowRect: true, strictFileInteractability: false, timeouts: {implicit: 0, pageLoad: 300000, script: 30000}, unhandledPromptBehavior: dismiss and notify, webauthn:extension:largeBlob: true, webauthn:virtualAuthenticators: true}\nSession ID: 5e3d48b99faefb773b998903c44f0895\n*** Element info: {Using=xpath, value=.//*[@id='fileOperationsIntegrated_id']/div[2]/table/tbody/tr[1]/td[1]}\r\n\tat sun.reflect.GeneratedConstructorAccessor109.newInstance(Unknown Source)\r\n\tat sun.reflect.DelegatingConstructorAccessorImpl.newInstance(DelegatingConstructorAccessorImpl.java:45)\r\n\tat java.lang.reflect.Constructor.newInstance(Constructor.java:423)\r\n\tat org.openqa.selenium.remote.http.W3CHttpResponseCodec.createException(W3CHttpResponseCodec.java:187)\r\n\tat org.openqa.selenium.remote.http.W3CHttpResponseCodec.decode(W3CHttpResponseCodec.java:122)\r\n\tat org.openqa.selenium.remote.http.W3CHttpResponseCodec.decode(W3CHttpResponseCodec.java:49)\r\n\tat org.openqa.selenium.remote.HttpCommandExecutor.execute(HttpCommandExecutor.java:158)\r\n\tat org.openqa.selenium.remote.service.DriverCommandExecutor.execute(DriverCommandExecutor.java:83)\r\n\tat org.openqa.selenium.remote.RemoteWebDriver.execute(RemoteWebDriver.java:552)\r\n\tat org.openqa.selenium.remote.RemoteWebDriver.findElement(RemoteWebDriver.java:323)\r\n\tat org.openqa.selenium.remote.RemoteWebDriver.findElementByXPath(RemoteWebDriver.java:428)\r\n\tat org.openqa.selenium.By$ByXPath.findElement(By.java:353)\r\n\tat org.openqa.selenium.remote.RemoteWebDriver.findElement(RemoteWebDriver.java:315)\r\n\tat org.openqa.selenium.support.ui.ExpectedConditions$7.apply(ExpectedConditions.java:205)\r\n\tat org.openqa.selenium.support.ui.ExpectedConditions$7.apply(ExpectedConditions.java:201)\r\n\tat org.openqa.selenium.support.ui.FluentWait.until(FluentWait.java:249)\r\n\t... 17 more\r\n"},"stage":"finished","steps":[],"attachments":[{"name":"Page screenshot","source":"771bf8c1-f2cb-42a3-a90a-8f46ed3b2e93-attachment","type":"image/png"}],"parameters":[{"name":"filename","value":"atos.427.createSDDCFONB19096171994218792541615884210643.cfonb160.txt"},{"name":"fs","value":"testdataobjects.FileSupervision@498a8a72"}],"start":1615884211476,"stop":1615884317409}],"attachments":[],"parameters":[{"name":"environment","value":"RCI"},{"name":"browser","value":"chromelocal"}],"start":1615884158063,"stop":1615884317413,"uuid":"08e032fd-5773-4f52-87e8-e8ff8db2e26b","historyId":"e23431d555734586fe30edd2a44632e6","fullName":"mandateTest.MND_MWF_004_FIC_CFONB.mnd_mwf_004_fic_CFONB","labels":[{"name":"package","value":"mandateTest.MND_MWF_004_FIC_CFONB"},{"name":"testClass","value":"mandateTest.MND_MWF_004_FIC_CFONB"},{"name":"testMethod","value":"mnd_mwf_004_fic_CFONB"},{"name":"parentSuite","value":"Suite"},{"name":"suite","value":"Regression for SPS-Mandate"},{"name":"subSuite","value":"mandateTest.MND_MWF_004_FIC_CFONB"},{"name":"host","value":"DESKTOP-L3OAS3D"},{"name":"thread","value":"42544@DESKTOP-L3OAS3D.TestNG-test=Regression for SPS-Mandate-2(255)"},{"name":"framework","value":"testng"},{"name":"language","value":"java"}],"links":[]}