{"name":"testSPSConnections","status":"broken","statusDetails":{"known":false,"muted":false,"flaky":false,"message":"Cannot locate option with value: BNPPInstance\nFor documentation on this error, please visit: https://www.seleniumhq.org/exceptions/no_such_element.html\nBuild info: version: '3.141.59', revision: 'e82be7d358', time: '2018-11-14T08:17:03'\nSystem info: host: 'DESKTOP-L3OAS3D', ip: '10.89.70.51', os.name: 'Windows 10', os.arch: 'amd64', os.version: '10.0', java.version: '1.8.0_192'\nDriver info: driver.version: unknown","trace":"org.openqa.selenium.NoSuchElementException: Cannot locate option with value: BNPPInstance\nFor documentation on this error, please visit: https://www.seleniumhq.org/exceptions/no_such_element.html\nBuild info: version: '3.141.59', revision: 'e82be7d358', time: '2018-11-14T08:17:03'\nSystem info: host: 'DESKTOP-L3OAS3D', ip: '10.89.70.51', os.name: 'Windows 10', os.arch: 'amd64', os.version: '10.0', java.version: '1.8.0_192'\nDriver info: driver.version: unknown\r\n\tat org.openqa.selenium.support.ui.Select.findOptionsByValue(Select.java:283)\r\n\tat org.openqa.selenium.support.ui.Select.selectByValue(Select.java:186)\r\n\tat pagesSpsSign.ParametersSupportPage.checkConnectionsWithSPS(ParametersSupportPage.java:51)\r\n\tat sanitySPSSignTest.MinimumSPSSignConnectionTest.testSPSConnections(MinimumSPSSignConnectionTest.java:20)\r\n\tat sun.reflect.NativeMethodAccessorImpl.invoke0(Native Method)\r\n\tat sun.reflect.NativeMethodAccessorImpl.invoke(NativeMethodAccessorImpl.java:62)\r\n\tat sun.reflect.DelegatingMethodAccessorImpl.invoke(DelegatingMethodAccessorImpl.java:43)\r\n\tat java.lang.reflect.Method.invoke(Method.java:498)\r\n\tat org.testng.internal.MethodInvocationHelper.invokeMethod(MethodInvocationHelper.java:134)\r\n\tat org.testng.internal.TestInvoker.invokeMethod(TestInvoker.java:597)\r\n\tat org.testng.internal.TestInvoker.invokeTestMethod(TestInvoker.java:173)\r\n\tat org.testng.internal.MethodRunner.runInSequence(MethodRunner.java:46)\r\n\tat org.testng.internal.TestInvoker$MethodInvocationAgent.invoke(TestInvoker.java:816)\r\n\tat org.testng.internal.TestInvoker.invokeTestMethods(TestInvoker.java:146)\r\n\tat org.testng.internal.TestMethodWorker.invokeTestMethods(TestMethodWorker.java:146)\r\n\tat org.testng.internal.TestMethodWorker.run(TestMethodWorker.java:128)\r\n\tat java.util.concurrent.ThreadPoolExecutor.runWorker(ThreadPoolExecutor.java:1149)\r\n\tat java.util.concurrent.ThreadPoolExecutor$Worker.run(ThreadPoolExecutor.java:624)\r\n\tat java.lang.Thread.run(Thread.java:748)\r\n"},"stage":"finished","steps":[{"name":"Launch SPSSign","status":"passed","stage":"finished","steps":[],"attachments":[],"parameters":[],"start":1615883114910,"stop":1615883119891},{"name":"For each SPS instance, click Test SPS Connection","status":"passed","stage":"finished","steps":[],"attachments":[],"parameters":[{"name":"MenuHeading","value":"Support page"},{"name":"SubMenu","value":"Parameters"}],"start":1615883119891,"stop":1615883121884},{"name":"For each SPS instance, click Test SPS Connection","status":"broken","statusDetails":{"known":false,"muted":false,"flaky":false,"message":"Cannot locate option with value: BNPPInstance\nFor documentation on this error, please visit: https://www.seleniumhq.org/exceptions/no_such_element.html\nBuild info: version: '3.141.59', revision: 'e82be7d358', time: '2018-11-14T08:17:03'\nSystem info: host: 'DESKTOP-L3OAS3D', ip: '10.89.70.51', os.name: 'Windows 10', os.arch: 'amd64', os.version: '10.0', java.version: '1.8.0_192'\nDriver info: driver.version: unknown","trace":"org.openqa.selenium.NoSuchElementException: Cannot locate option with value: BNPPInstance\nFor documentation on this error, please visit: https://www.seleniumhq.org/exceptions/no_such_element.html\nBuild info: version: '3.141.59', revision: 'e82be7d358', time: '2018-11-14T08:17:03'\nSystem info: host: 'DESKTOP-L3OAS3D', ip: '10.89.70.51', os.name: 'Windows 10', os.arch: 'amd64', os.version: '10.0', java.version: '1.8.0_192'\nDriver info: driver.version: unknown\r\n\tat org.openqa.selenium.support.ui.Select.findOptionsByValue(Select.java:283)\r\n\tat org.openqa.selenium.support.ui.Select.selectByValue(Select.java:186)\r\n\tat pagesSpsSign.ParametersSupportPage.checkConnectionsWithSPS(ParametersSupportPage.java:51)\r\n\tat sanitySPSSignTest.MinimumSPSSignConnectionTest.testSPSConnections(MinimumSPSSignConnectionTest.java:20)\r\n\tat sun.reflect.NativeMethodAccessorImpl.invoke0(Native Method)\r\n\tat sun.reflect.NativeMethodAccessorImpl.invoke(NativeMethodAccessorImpl.java:62)\r\n\tat sun.reflect.DelegatingMethodAccessorImpl.invoke(DelegatingMethodAccessorImpl.java:43)\r\n\tat java.lang.reflect.Method.invoke(Method.java:498)\r\n\tat org.testng.internal.MethodInvocationHelper.invokeMethod(MethodInvocationHelper.java:134)\r\n\tat org.testng.internal.TestInvoker.invokeMethod(TestInvoker.java:597)\r\n\tat org.testng.internal.TestInvoker.invokeTestMethod(TestInvoker.java:173)\r\n\tat org.testng.internal.MethodRunner.runInSequence(MethodRunner.java:46)\r\n\tat org.testng.internal.TestInvoker$MethodInvocationAgent.invoke(TestInvoker.java:816)\r\n\tat org.testng.internal.TestInvoker.invokeTestMethods(TestInvoker.java:146)\r\n\tat org.testng.internal.TestMethodWorker.invokeTestMethods(TestMethodWorker.java:146)\r\n\tat org.testng.internal.TestMethodWorker.run(TestMethodWorker.java:128)\r\n\tat java.util.concurrent.ThreadPoolExecutor.runWorker(ThreadPoolExecutor.java:1149)\r\n\tat java.util.concurrent.ThreadPoolExecutor$Worker.run(ThreadPoolExecutor.java:624)\r\n\tat java.lang.Thread.run(Thread.java:748)\r\n"},"stage":"finished","steps":[{"name":"For each SPS instance, click Test SPS Connection","status":"passed","stage":"finished","steps":[],"attachments":[],"parameters":[{"name":"MenuHeading","value":"Support page"},{"name":"SubMenu","value":"Parameters"}],"start":1615883122551,"stop":1615883123630},{"name":"For each SPS instance, click Test SPS Connection","status":"passed","stage":"finished","steps":[],"attachments":[],"parameters":[{"name":"MenuHeading","value":"Support page"},{"name":"SubMenu","value":"Parameters"}],"start":1615883136089,"stop":1615883138101},{"name":"For each SPS instance, click Test SPS Connection","status":"passed","stage":"finished","steps":[],"attachments":[],"parameters":[{"name":"MenuHeading","value":"Support page"},{"name":"SubMenu","value":"Parameters"}],"start":1615883150011,"stop":1615883152334}],"attachments":[],"parameters":[],"start":1615883121885,"stop":1615883162473}],"attachments":[],"parameters":[{"name":"environment","value":"RCI"},{"name":"browser","value":"chromelocal"}],"start":1615883114893,"stop":1615883162475,"uuid":"36331b71-15b9-4b1e-b8fe-41bce84b0894","historyId":"19d3ff95f1f1367a26bf91cf12cd13bd","fullName":"sanitySPSSignTest.MinimumSPSSignConnectionTest.testSPSConnections","labels":[{"name":"package","value":"sanitySPSSignTest.MinimumSPSSignConnectionTest"},{"name":"testClass","value":"sanitySPSSignTest.MinimumSPSSignConnectionTest"},{"name":"testMethod","value":"testSPSConnections"},{"name":"parentSuite","value":"Suite"},{"name":"suite","value":"chromelocal -- Sanity tests for SPS Sign "},{"name":"subSuite","value":"sanitySPSSignTest.MinimumSPSSignConnectionTest"},{"name":"host","value":"DESKTOP-L3OAS3D"},{"name":"thread","value":"42544@DESKTOP-L3OAS3D.TestNG-test=chromelocal -- Sanity tests for SPS Sign -1(203)"},{"name":"framework","value":"testng"},{"name":"language","value":"java"}],"links":[]}