{"name":"accSDD009lastSDDIssued","status":"broken","statusDetails":{"known":false,"muted":false,"flaky":false,"message":"Expected condition failed: waiting for text ('Created') to be present in element found by By.xpath: //*[@id='sddDisplayContainer']/div/div/div[1]/dl[1]/dd[4] (tried for 60 second(s) with 500 milliseconds interval)","trace":"org.openqa.selenium.TimeoutException: Expected condition failed: waiting for text ('Created') to be present in element found by By.xpath: //*[@id='sddDisplayContainer']/div/div/div[1]/dl[1]/dd[4] (tried for 60 second(s) with 500 milliseconds interval)\r\n\tat org.openqa.selenium.support.ui.WebDriverWait.timeoutException(WebDriverWait.java:95)\r\n\tat org.openqa.selenium.support.ui.FluentWait.until(FluentWait.java:272)\r\n\tat spspages.SDDPage.createSDD(SDDPage.java:162)\r\n\tat sddTest.AccSDD009lastSDDIssuedTest.accSDD009lastSDDIssued(AccSDD009lastSDDIssuedTest.java:52)\r\n\tat sun.reflect.NativeMethodAccessorImpl.invoke0(Native Method)\r\n\tat sun.reflect.NativeMethodAccessorImpl.invoke(NativeMethodAccessorImpl.java:62)\r\n\tat sun.reflect.DelegatingMethodAccessorImpl.invoke(DelegatingMethodAccessorImpl.java:43)\r\n\tat java.lang.reflect.Method.invoke(Method.java:498)\r\n\tat org.testng.internal.MethodInvocationHelper.invokeMethod(MethodInvocationHelper.java:134)\r\n\tat org.testng.internal.TestInvoker.invokeMethod(TestInvoker.java:597)\r\n\tat org.testng.internal.TestInvoker.invokeTestMethod(TestInvoker.java:173)\r\n\tat org.testng.internal.MethodRunner.runInSequence(MethodRunner.java:46)\r\n\tat org.testng.internal.TestInvoker$MethodInvocationAgent.invoke(TestInvoker.java:816)\r\n\tat org.testng.internal.TestInvoker.invokeTestMethods(TestInvoker.java:146)\r\n\tat org.testng.internal.TestMethodWorker.invokeTestMethods(TestMethodWorker.java:146)\r\n\tat org.testng.internal.TestMethodWorker.run(TestMethodWorker.java:128)\r\n\tat java.util.concurrent.ThreadPoolExecutor.runWorker(ThreadPoolExecutor.java:1149)\r\n\tat java.util.concurrent.ThreadPoolExecutor$Worker.run(ThreadPoolExecutor.java:624)\r\n\tat java.lang.Thread.run(Thread.java:748)\r\nCaused by: org.openqa.selenium.NoSuchElementException: no such element: Unable to locate element: {\"method\":\"xpath\",\"selector\":\"//*[@id='sddDisplayContainer']/div/div/div[1]/dl[1]/dd[4]\"}\n  (Session info: chrome=86.0.4240.183)\nFor documentation on this error, please visit: https://www.seleniumhq.org/exceptions/no_such_element.html\nBuild info: version: '3.141.59', revision: 'e82be7d358', time: '2018-11-14T08:17:03'\nSystem info: host: 'DESKTOP-L3OAS3D', ip: '10.89.66.46', os.name: 'Windows 10', os.arch: 'amd64', os.version: '10.0', java.version: '1.8.0_192'\nDriver info: org.openqa.selenium.chrome.ChromeDriver\nCapabilities {acceptInsecureCerts: false, browserName: chrome, browserVersion: 86.0.4240.183, chrome: {chromedriverVersion: 86.0.4240.22 (398b0743353ff..., userDataDir: C:\\Users\\A687416\\AppData\\Lo...}, goog:chromeOptions: {debuggerAddress: localhost:50334}, javascriptEnabled: true, networkConnectionEnabled: false, pageLoadStrategy: normal, platform: WINDOWS, platformName: WINDOWS, proxy: Proxy(), setWindowRect: true, strictFileInteractability: false, timeouts: {implicit: 0, pageLoad: 300000, script: 30000}, unhandledPromptBehavior: dismiss and notify, webauthn:virtualAuthenticators: true}\nSession ID: 6de18abf254436da71aca77ef9a19ae3\n*** Element info: {Using=xpath, value=//*[@id='sddDisplayContainer']/div/div/div[1]/dl[1]/dd[4]}\r\n\tat sun.reflect.GeneratedConstructorAccessor50.newInstance(Unknown Source)\r\n\tat sun.reflect.DelegatingConstructorAccessorImpl.newInstance(DelegatingConstructorAccessorImpl.java:45)\r\n\tat java.lang.reflect.Constructor.newInstance(Constructor.java:423)\r\n\tat org.openqa.selenium.remote.http.W3CHttpResponseCodec.createException(W3CHttpResponseCodec.java:187)\r\n\tat org.openqa.selenium.remote.http.W3CHttpResponseCodec.decode(W3CHttpResponseCodec.java:122)\r\n\tat org.openqa.selenium.remote.http.W3CHttpResponseCodec.decode(W3CHttpResponseCodec.java:49)\r\n\tat org.openqa.selenium.remote.HttpCommandExecutor.execute(HttpCommandExecutor.java:158)\r\n\tat org.openqa.selenium.remote.service.DriverCommandExecutor.execute(DriverCommandExecutor.java:83)\r\n\tat org.openqa.selenium.remote.RemoteWebDriver.execute(RemoteWebDriver.java:552)\r\n\tat org.openqa.selenium.remote.RemoteWebDriver.findElement(RemoteWebDriver.java:323)\r\n\tat org.openqa.selenium.remote.RemoteWebDriver.findElementByXPath(RemoteWebDriver.java:428)\r\n\tat org.openqa.selenium.By$ByXPath.findElement(By.java:353)\r\n\tat org.openqa.selenium.remote.RemoteWebDriver.findElement(RemoteWebDriver.java:315)\r\n\tat org.openqa.selenium.support.ui.ExpectedConditions$13.apply(ExpectedConditions.java:382)\r\n\tat org.openqa.selenium.support.ui.ExpectedConditions$13.apply(ExpectedConditions.java:378)\r\n\tat org.openqa.selenium.support.ui.FluentWait.until(FluentWait.java:249)\r\n\t... 17 more\r\n"},"stage":"finished","steps":[{"name":"User Logs in the application with user default.","status":"passed","stage":"finished","steps":[],"attachments":[{"name":"Page screenshot","source":"e55abd83-9b3f-4b5b-86e7-4e01a7f03ff6-attachment","type":"image/png"}],"parameters":[{"name":"user","value":"default"}],"start":1605106590689,"stop":1605106602690},{"name":"User selects menu with value {Submenu} ","status":"passed","stage":"finished","steps":[],"attachments":[{"name":"Page screenshot","source":"d91f0772-856f-49e7-9702-8114861b2314-attachment","type":"image/png"}],"parameters":[{"name":"menu","value":"Mandates Management"},{"name":"subMenu","value":"New Mandate"}],"start":1605106602690,"stop":1605106615433},{"name":"User selects creditor for mandate creation","status":"passed","stage":"finished","steps":[],"attachments":[{"name":"Page screenshot","source":"21d5b8fc-7c6b-4c67-8d27-96a3b8291772-attachment","type":"image/png"}],"parameters":[{"name":"mandate","value":"CreditorEntity zTestSUP SCI Automation Creditor BE 2 - BE20ZZZ987654321 BusinessCode TTT CreditorName null CreditorAccount null ThirdPartyFastSearch null DebtorName automationDebitor Email wordline@gmail.com PhoneNumber null DebtorIdentifier null UseofBBAN false DebtorIBAN FR7612548029981234567890161 DebtorBIC null AddressType null StreetNumber null PostalCode 450001 StreetName Kiwale City Pune Country France MandateType null AutomaticUMRGeneration false UMRtemplate null Scheme null SequenceType null ContractInformation null UIR null SignatureDate null SignatureCity null ContractDescription null CommunicationLanguage null NotificationModeForDebtor null UltimateDebtorName null UltimateDebtorIdentifier null UltimateCreditorName null UltimateCreditorIdentifier null PhysicalArchivingKey null Description null Filepath null"},{"name":"value","value":""}],"start":1605106615433,"stop":1605106664478},{"name":"User searches mandate and generates PDF","status":"passed","stage":"finished","steps":[{"name":"User searches mandate and generates PDF","status":"passed","stage":"finished","steps":[{"name":"User selects menu with value {Submenu} ","status":"passed","stage":"finished","steps":[],"attachments":[{"name":"Page screenshot","source":"e61c24a5-36e6-4ec9-9b11-d62556ffa998-attachment","type":"image/png"}],"parameters":[{"name":"menu","value":"Mandates Management"},{"name":"subMenu","value":"Mandate Search"}],"start":1605106664478,"stop":1605106700725}],"attachments":[{"name":"Page screenshot","source":"60bd89e9-136f-4f66-995c-f66cc6620b24-attachment","type":"image/png"}],"parameters":[{"name":"umr","value":"MANDATE-REFERENCE000000000000004110"},{"name":"creditor","value":"zTestSUP"}],"start":1605106664478,"stop":1605106721166}],"attachments":[],"parameters":[{"name":"mandate","value":"CreditorEntity zTestSUP SCI Automation Creditor BE 2 - BE20ZZZ987654321 BusinessCode TTT CreditorName null CreditorAccount null ThirdPartyFastSearch null DebtorName automationDebitor Email wordline@gmail.com PhoneNumber null DebtorIdentifier null UseofBBAN false DebtorIBAN FR7612548029981234567890161 DebtorBIC null AddressType null StreetNumber null PostalCode 450001 StreetName Kiwale City Pune Country France MandateType null AutomaticUMRGeneration false UMRtemplate null Scheme null SequenceType null ContractInformation null UIR null SignatureDate null SignatureCity null ContractDescription null CommunicationLanguage null NotificationModeForDebtor null UltimateDebtorName null UltimateDebtorIdentifier null UltimateCreditorName null UltimateCreditorIdentifier null PhysicalArchivingKey null Description null Filepath null"}],"start":1605106664478,"stop":1605106721166},{"name":"User updates the Mandate with mandatory fields. ","status":"passed","stage":"finished","steps":[],"attachments":[{"name":"Page screenshot","source":"ad1b848a-45da-4bea-986d-fcee491e2298-attachment","type":"image/png"},{"name":"Page screenshot","source":"c55de5ef-7af9-4191-8c8f-270e84c91a40-attachment","type":"image/png"}],"parameters":[{"name":"mandate","value":"CreditorEntity zTestSUP SCI Automation Creditor BE 2 - BE20ZZZ987654321 BusinessCode TTT CreditorName null CreditorAccount null ThirdPartyFastSearch null DebtorName automationDebitor Email wordline@gmail.com PhoneNumber null DebtorIdentifier null UseofBBAN false DebtorIBAN FR7612548029981234567890161 DebtorBIC null AddressType null StreetNumber null PostalCode 450001 StreetName Kiwale City Pune Country France MandateType null AutomaticUMRGeneration false UMRtemplate null Scheme null SequenceType null ContractInformation null UIR null SignatureDate null SignatureCity null ContractDescription null CommunicationLanguage null NotificationModeForDebtor null UltimateDebtorName null UltimateDebtorIdentifier null UltimateCreditorName null UltimateCreditorIdentifier null PhysicalArchivingKey null Description null Filepath null"}],"start":1605106721166,"stop":1605106744297},{"name":"User selects menu with value {Submenu} ","status":"passed","stage":"finished","steps":[],"attachments":[{"name":"Page screenshot","source":"8330ba8a-5fd7-479b-aead-03b29d71a655-attachment","type":"image/png"}],"parameters":[{"name":"menu","value":"Mandates Management"},{"name":"subMenu","value":"Mandate Search"}],"start":1605106744297,"stop":1605106760106},{"name":"User create the SDD.","status":"broken","statusDetails":{"known":false,"muted":false,"flaky":false,"message":"Expected condition failed: waiting for text ('Created') to be present in element found by By.xpath: //*[@id='sddDisplayContainer']/div/div/div[1]/dl[1]/dd[4] (tried for 60 second(s) with 500 milliseconds interval)","trace":"org.openqa.selenium.TimeoutException: Expected condition failed: waiting for text ('Created') to be present in element found by By.xpath: //*[@id='sddDisplayContainer']/div/div/div[1]/dl[1]/dd[4] (tried for 60 second(s) with 500 milliseconds interval)\r\n\tat org.openqa.selenium.support.ui.WebDriverWait.timeoutException(WebDriverWait.java:95)\r\n\tat org.openqa.selenium.support.ui.FluentWait.until(FluentWait.java:272)\r\n\tat spspages.SDDPage.createSDD(SDDPage.java:162)\r\n\tat sddTest.AccSDD009lastSDDIssuedTest.accSDD009lastSDDIssued(AccSDD009lastSDDIssuedTest.java:52)\r\n\tat sun.reflect.NativeMethodAccessorImpl.invoke0(Native Method)\r\n\tat sun.reflect.NativeMethodAccessorImpl.invoke(NativeMethodAccessorImpl.java:62)\r\n\tat sun.reflect.DelegatingMethodAccessorImpl.invoke(DelegatingMethodAccessorImpl.java:43)\r\n\tat java.lang.reflect.Method.invoke(Method.java:498)\r\n\tat org.testng.internal.MethodInvocationHelper.invokeMethod(MethodInvocationHelper.java:134)\r\n\tat org.testng.internal.TestInvoker.invokeMethod(TestInvoker.java:597)\r\n\tat org.testng.internal.TestInvoker.invokeTestMethod(TestInvoker.java:173)\r\n\tat org.testng.internal.MethodRunner.runInSequence(MethodRunner.java:46)\r\n\tat org.testng.internal.TestInvoker$MethodInvocationAgent.invoke(TestInvoker.java:816)\r\n\tat org.testng.internal.TestInvoker.invokeTestMethods(TestInvoker.java:146)\r\n\tat org.testng.internal.TestMethodWorker.invokeTestMethods(TestMethodWorker.java:146)\r\n\tat org.testng.internal.TestMethodWorker.run(TestMethodWorker.java:128)\r\n\tat java.util.concurrent.ThreadPoolExecutor.runWorker(ThreadPoolExecutor.java:1149)\r\n\tat java.util.concurrent.ThreadPoolExecutor$Worker.run(ThreadPoolExecutor.java:624)\r\n\tat java.lang.Thread.run(Thread.java:748)\r\nCaused by: org.openqa.selenium.NoSuchElementException: no such element: Unable to locate element: {\"method\":\"xpath\",\"selector\":\"//*[@id='sddDisplayContainer']/div/div/div[1]/dl[1]/dd[4]\"}\n  (Session info: chrome=86.0.4240.183)\nFor documentation on this error, please visit: https://www.seleniumhq.org/exceptions/no_such_element.html\nBuild info: version: '3.141.59', revision: 'e82be7d358', time: '2018-11-14T08:17:03'\nSystem info: host: 'DESKTOP-L3OAS3D', ip: '10.89.66.46', os.name: 'Windows 10', os.arch: 'amd64', os.version: '10.0', java.version: '1.8.0_192'\nDriver info: org.openqa.selenium.chrome.ChromeDriver\nCapabilities {acceptInsecureCerts: false, browserName: chrome, browserVersion: 86.0.4240.183, chrome: {chromedriverVersion: 86.0.4240.22 (398b0743353ff..., userDataDir: C:\\Users\\A687416\\AppData\\Lo...}, goog:chromeOptions: {debuggerAddress: localhost:50334}, javascriptEnabled: true, networkConnectionEnabled: false, pageLoadStrategy: normal, platform: WINDOWS, platformName: WINDOWS, proxy: Proxy(), setWindowRect: true, strictFileInteractability: false, timeouts: {implicit: 0, pageLoad: 300000, script: 30000}, unhandledPromptBehavior: dismiss and notify, webauthn:virtualAuthenticators: true}\nSession ID: 6de18abf254436da71aca77ef9a19ae3\n*** Element info: {Using=xpath, value=//*[@id='sddDisplayContainer']/div/div/div[1]/dl[1]/dd[4]}\r\n\tat sun.reflect.GeneratedConstructorAccessor50.newInstance(Unknown Source)\r\n\tat sun.reflect.DelegatingConstructorAccessorImpl.newInstance(DelegatingConstructorAccessorImpl.java:45)\r\n\tat java.lang.reflect.Constructor.newInstance(Constructor.java:423)\r\n\tat org.openqa.selenium.remote.http.W3CHttpResponseCodec.createException(W3CHttpResponseCodec.java:187)\r\n\tat org.openqa.selenium.remote.http.W3CHttpResponseCodec.decode(W3CHttpResponseCodec.java:122)\r\n\tat org.openqa.selenium.remote.http.W3CHttpResponseCodec.decode(W3CHttpResponseCodec.java:49)\r\n\tat org.openqa.selenium.remote.HttpCommandExecutor.execute(HttpCommandExecutor.java:158)\r\n\tat org.openqa.selenium.remote.service.DriverCommandExecutor.execute(DriverCommandExecutor.java:83)\r\n\tat org.openqa.selenium.remote.RemoteWebDriver.execute(RemoteWebDriver.java:552)\r\n\tat org.openqa.selenium.remote.RemoteWebDriver.findElement(RemoteWebDriver.java:323)\r\n\tat org.openqa.selenium.remote.RemoteWebDriver.findElementByXPath(RemoteWebDriver.java:428)\r\n\tat org.openqa.selenium.By$ByXPath.findElement(By.java:353)\r\n\tat org.openqa.selenium.remote.RemoteWebDriver.findElement(RemoteWebDriver.java:315)\r\n\tat org.openqa.selenium.support.ui.ExpectedConditions$13.apply(ExpectedConditions.java:382)\r\n\tat org.openqa.selenium.support.ui.ExpectedConditions$13.apply(ExpectedConditions.java:378)\r\n\tat org.openqa.selenium.support.ui.FluentWait.until(FluentWait.java:249)\r\n\t... 17 more\r\n"},"stage":"finished","steps":[],"attachments":[{"name":"Page screenshot","source":"4e5170ac-5a18-4575-a510-64f9f38711cf-attachment","type":"image/png"}],"parameters":[{"name":"sdd","value":"testdataobjects.SDD@47b03665"}],"start":1605106809595,"stop":1605106878410}],"attachments":[],"parameters":[{"name":"environment","value":"RCI"},{"name":"browser","value":"chromelocal"}],"start":1605106590685,"stop":1605106878410,"uuid":"5dba069f-c0fa-470c-97f6-7674d0f4a544","historyId":"89639bf6ff48f11b42b495093286a760","fullName":"sddTest.AccSDD009lastSDDIssuedTest.accSDD009lastSDDIssued","labels":[{"name":"package","value":"sddTest.AccSDD009lastSDDIssuedTest"},{"name":"testClass","value":"sddTest.AccSDD009lastSDDIssuedTest"},{"name":"testMethod","value":"accSDD009lastSDDIssued"},{"name":"parentSuite","value":"Suite"},{"name":"suite","value":"Regression Tests for SPS-SDD "},{"name":"subSuite","value":"sddTest.AccSDD009lastSDDIssuedTest"},{"name":"host","value":"DESKTOP-L3OAS3D"},{"name":"thread","value":"21788@DESKTOP-L3OAS3D.TestNG-test=Regression Tests for SPS-SDD -2(55)"},{"name":"framework","value":"testng"},{"name":"language","value":"java"}],"links":[]}