{"name":"Rest_DSGetMandatePDFPositiveFlow","status":"broken","statusDetails":{"known":false,"muted":false,"flaky":false,"message":"Expected condition failed: waiting for visibility of element located by By.xpath: .//*[@id='organizationSelect'] (tried for 100 second(s) with 500 milliseconds interval)","trace":"org.openqa.selenium.TimeoutException: Expected condition failed: waiting for visibility of element located by By.xpath: .//*[@id='organizationSelect'] (tried for 100 second(s) with 500 milliseconds interval)\r\n\tat org.openqa.selenium.support.ui.WebDriverWait.timeoutException(WebDriverWait.java:95)\r\n\tat org.openqa.selenium.support.ui.FluentWait.until(FluentWait.java:272)\r\n\tat spspages.MandateSearchPage.searchActiveMandate(MandateSearchPage.java:161)\r\n\tat documentSignatureTest.Rest_DSGetMandatePDFPositiveFlowTest.Rest_DSGetMandatePDFPositiveFlow(Rest_DSGetMandatePDFPositiveFlowTest.java:59)\r\n\tat sun.reflect.NativeMethodAccessorImpl.invoke0(Native Method)\r\n\tat sun.reflect.NativeMethodAccessorImpl.invoke(NativeMethodAccessorImpl.java:62)\r\n\tat sun.reflect.DelegatingMethodAccessorImpl.invoke(DelegatingMethodAccessorImpl.java:43)\r\n\tat java.lang.reflect.Method.invoke(Method.java:498)\r\n\tat org.testng.internal.MethodInvocationHelper.invokeMethod(MethodInvocationHelper.java:134)\r\n\tat org.testng.internal.TestInvoker.invokeMethod(TestInvoker.java:597)\r\n\tat org.testng.internal.TestInvoker.invokeTestMethod(TestInvoker.java:173)\r\n\tat org.testng.internal.MethodRunner.runInSequence(MethodRunner.java:46)\r\n\tat org.testng.internal.TestInvoker$MethodInvocationAgent.invoke(TestInvoker.java:816)\r\n\tat org.testng.internal.TestInvoker.invokeTestMethods(TestInvoker.java:146)\r\n\tat org.testng.internal.TestMethodWorker.invokeTestMethods(TestMethodWorker.java:146)\r\n\tat org.testng.internal.TestMethodWorker.run(TestMethodWorker.java:128)\r\n\tat java.util.concurrent.ThreadPoolExecutor.runWorker(ThreadPoolExecutor.java:1149)\r\n\tat java.util.concurrent.ThreadPoolExecutor$Worker.run(ThreadPoolExecutor.java:624)\r\n\tat java.lang.Thread.run(Thread.java:748)\r\nCaused by: org.openqa.selenium.NoSuchElementException: no such element: Unable to locate element: {\"method\":\"xpath\",\"selector\":\".//*[@id='organizationSelect']\"}\n  (Session info: chrome=87.0.4280.88)\nFor documentation on this error, please visit: https://www.seleniumhq.org/exceptions/no_such_element.html\nBuild info: version: '3.141.59', revision: 'e82be7d358', time: '2018-11-14T08:17:03'\nSystem info: host: 'DESKTOP-L3OAS3D', ip: '10.89.64.254', os.name: 'Windows 10', os.arch: 'amd64', os.version: '10.0', java.version: '1.8.0_192'\nDriver info: org.openqa.selenium.chrome.ChromeDriver\nCapabilities {acceptInsecureCerts: false, browserName: chrome, browserVersion: 87.0.4280.88, chrome: {chromedriverVersion: 86.0.4240.22 (398b0743353ff..., userDataDir: C:\\Users\\A687416\\AppData\\Lo...}, goog:chromeOptions: {debuggerAddress: localhost:56457}, javascriptEnabled: true, networkConnectionEnabled: false, pageLoadStrategy: normal, platform: WINDOWS, platformName: WINDOWS, proxy: Proxy(), setWindowRect: true, strictFileInteractability: false, timeouts: {implicit: 0, pageLoad: 300000, script: 30000}, unhandledPromptBehavior: dismiss and notify, webauthn:virtualAuthenticators: true}\nSession ID: 99437fea1525bb447e7a54b601c1d3ef\n*** Element info: {Using=xpath, value=.//*[@id='organizationSelect']}\r\n\tat sun.reflect.NativeConstructorAccessorImpl.newInstance0(Native Method)\r\n\tat sun.reflect.NativeConstructorAccessorImpl.newInstance(NativeConstructorAccessorImpl.java:62)\r\n\tat sun.reflect.DelegatingConstructorAccessorImpl.newInstance(DelegatingConstructorAccessorImpl.java:45)\r\n\tat java.lang.reflect.Constructor.newInstance(Constructor.java:423)\r\n\tat org.openqa.selenium.remote.http.W3CHttpResponseCodec.createException(W3CHttpResponseCodec.java:187)\r\n\tat org.openqa.selenium.remote.http.W3CHttpResponseCodec.decode(W3CHttpResponseCodec.java:122)\r\n\tat org.openqa.selenium.remote.http.W3CHttpResponseCodec.decode(W3CHttpResponseCodec.java:49)\r\n\tat org.openqa.selenium.remote.HttpCommandExecutor.execute(HttpCommandExecutor.java:158)\r\n\tat org.openqa.selenium.remote.service.DriverCommandExecutor.execute(DriverCommandExecutor.java:83)\r\n\tat org.openqa.selenium.remote.RemoteWebDriver.execute(RemoteWebDriver.java:552)\r\n\tat org.openqa.selenium.remote.RemoteWebDriver.findElement(RemoteWebDriver.java:323)\r\n\tat org.openqa.selenium.remote.RemoteWebDriver.findElementByXPath(RemoteWebDriver.java:428)\r\n\tat org.openqa.selenium.By$ByXPath.findElement(By.java:353)\r\n\tat org.openqa.selenium.remote.RemoteWebDriver.findElement(RemoteWebDriver.java:315)\r\n\tat org.openqa.selenium.support.ui.ExpectedConditions$7.apply(ExpectedConditions.java:205)\r\n\tat org.openqa.selenium.support.ui.ExpectedConditions$7.apply(ExpectedConditions.java:201)\r\n\tat org.openqa.selenium.support.ui.FluentWait.until(FluentWait.java:249)\r\n\t... 17 more\r\n"},"stage":"finished","steps":[{"name":"User Logs in the application with user default.","status":"passed","stage":"finished","steps":[],"attachments":[{"name":"Page screenshot","source":"fc477cce-50d7-452b-872a-22ea3b312c89-attachment","type":"image/png"}],"parameters":[{"name":"user","value":"default"}],"start":1610078247827,"stop":1610078291766}],"attachments":[],"parameters":[{"name":"environment","value":"RCI"},{"name":"browser","value":"chromelocal"}],"start":1610078246316,"stop":1610078397254,"uuid":"76314b49-2498-44a6-83c2-0a0ca256f638","historyId":"b9cdf620b43a1cf27c248bb56f2367cb","fullName":"documentSignatureTest.Rest_DSGetMandatePDFPositiveFlowTest.Rest_DSGetMandatePDFPositiveFlow","labels":[{"name":"package","value":"documentSignatureTest.Rest_DSGetMandatePDFPositiveFlowTest"},{"name":"testClass","value":"documentSignatureTest.Rest_DSGetMandatePDFPositiveFlowTest"},{"name":"testMethod","value":"Rest_DSGetMandatePDFPositiveFlow"},{"name":"parentSuite","value":"Suite"},{"name":"suite","value":"Regression"},{"name":"subSuite","value":"documentSignatureTest.Rest_DSGetMandatePDFPositiveFlowTest"},{"name":"host","value":"DESKTOP-L3OAS3D"},{"name":"thread","value":"33884@DESKTOP-L3OAS3D.TestNG-test=Regression-1(13)"},{"name":"framework","value":"testng"},{"name":"language","value":"java"}],"links":[]}