{"name":"Test to check Mandate creation flow","status":"broken","statusDetails":{"known":false,"muted":false,"flaky":false,"message":"Expected condition failed: waiting for element to be clickable: By.name: search (tried for 60 second(s) with 500 milliseconds interval)","trace":"org.openqa.selenium.TimeoutException: Expected condition failed: waiting for element to be clickable: By.name: search (tried for 60 second(s) with 500 milliseconds interval)\r\n\tat org.openqa.selenium.support.ui.WebDriverWait.timeoutException(WebDriverWait.java:95)\r\n\tat org.openqa.selenium.support.ui.FluentWait.until(FluentWait.java:272)\r\n\tat utilies.UserActions.waitForElementClickable(UserActions.java:409)\r\n\tat spspages.EventReportPage.eventReportGeneration(EventReportPage.java:131)\r\n\tat sctEventReport.EVREP_SCT_003_Export_Empty_ReportTest.EVREP_SCT_003_Export_Empty_Report(EVREP_SCT_003_Export_Empty_ReportTest.java:41)\r\n\tat sun.reflect.NativeMethodAccessorImpl.invoke0(Native Method)\r\n\tat sun.reflect.NativeMethodAccessorImpl.invoke(NativeMethodAccessorImpl.java:62)\r\n\tat sun.reflect.DelegatingMethodAccessorImpl.invoke(DelegatingMethodAccessorImpl.java:43)\r\n\tat java.lang.reflect.Method.invoke(Method.java:498)\r\n\tat org.testng.internal.MethodInvocationHelper.invokeMethod(MethodInvocationHelper.java:134)\r\n\tat org.testng.internal.TestInvoker.invokeMethod(TestInvoker.java:597)\r\n\tat org.testng.internal.TestInvoker.invokeTestMethod(TestInvoker.java:173)\r\n\tat org.testng.internal.MethodRunner.runInSequence(MethodRunner.java:46)\r\n\tat org.testng.internal.TestInvoker$MethodInvocationAgent.invoke(TestInvoker.java:816)\r\n\tat org.testng.internal.TestInvoker.invokeTestMethods(TestInvoker.java:146)\r\n\tat org.testng.internal.TestMethodWorker.invokeTestMethods(TestMethodWorker.java:146)\r\n\tat org.testng.internal.TestMethodWorker.run(TestMethodWorker.java:128)\r\n\tat java.util.concurrent.ThreadPoolExecutor.runWorker(ThreadPoolExecutor.java:1149)\r\n\tat java.util.concurrent.ThreadPoolExecutor$Worker.run(ThreadPoolExecutor.java:624)\r\n\tat java.lang.Thread.run(Thread.java:748)\r\nCaused by: org.openqa.selenium.NoSuchElementException: no such element: Unable to locate element: {\"method\":\"css selector\",\"selector\":\"*[name='search']\"}\n  (Session info: chrome=86.0.4240.183)\nFor documentation on this error, please visit: https://www.seleniumhq.org/exceptions/no_such_element.html\nBuild info: version: '3.141.59', revision: 'e82be7d358', time: '2018-11-14T08:17:03'\nSystem info: host: 'DESKTOP-L3OAS3D', ip: '10.89.66.46', os.name: 'Windows 10', os.arch: 'amd64', os.version: '10.0', java.version: '1.8.0_192'\nDriver info: org.openqa.selenium.chrome.ChromeDriver\nCapabilities {acceptInsecureCerts: false, browserName: chrome, browserVersion: 86.0.4240.183, chrome: {chromedriverVersion: 86.0.4240.22 (398b0743353ff..., userDataDir: C:\\Users\\A687416\\AppData\\Lo...}, goog:chromeOptions: {debuggerAddress: localhost:52223}, javascriptEnabled: true, networkConnectionEnabled: false, pageLoadStrategy: normal, platform: WINDOWS, platformName: WINDOWS, proxy: Proxy(), setWindowRect: true, strictFileInteractability: false, timeouts: {implicit: 0, pageLoad: 300000, script: 30000}, unhandledPromptBehavior: dismiss and notify, webauthn:virtualAuthenticators: true}\nSession ID: d867100b2bb0ef20f9c65d0d4e5328a4\n*** Element info: {Using=name, value=search}\r\n\tat sun.reflect.GeneratedConstructorAccessor50.newInstance(Unknown Source)\r\n\tat sun.reflect.DelegatingConstructorAccessorImpl.newInstance(DelegatingConstructorAccessorImpl.java:45)\r\n\tat java.lang.reflect.Constructor.newInstance(Constructor.java:423)\r\n\tat org.openqa.selenium.remote.http.W3CHttpResponseCodec.createException(W3CHttpResponseCodec.java:187)\r\n\tat org.openqa.selenium.remote.http.W3CHttpResponseCodec.decode(W3CHttpResponseCodec.java:122)\r\n\tat org.openqa.selenium.remote.http.W3CHttpResponseCodec.decode(W3CHttpResponseCodec.java:49)\r\n\tat org.openqa.selenium.remote.HttpCommandExecutor.execute(HttpCommandExecutor.java:158)\r\n\tat org.openqa.selenium.remote.service.DriverCommandExecutor.execute(DriverCommandExecutor.java:83)\r\n\tat org.openqa.selenium.remote.RemoteWebDriver.execute(RemoteWebDriver.java:552)\r\n\tat org.openqa.selenium.remote.RemoteWebDriver.findElement(RemoteWebDriver.java:323)\r\n\tat org.openqa.selenium.remote.RemoteWebDriver.findElementByName(RemoteWebDriver.java:404)\r\n\tat org.openqa.selenium.By$ByName.findElement(By.java:284)\r\n\tat org.openqa.selenium.remote.RemoteWebDriver.findElement(RemoteWebDriver.java:315)\r\n\tat org.openqa.selenium.support.ui.ExpectedConditions$7.apply(ExpectedConditions.java:205)\r\n\tat org.openqa.selenium.support.ui.ExpectedConditions$7.apply(ExpectedConditions.java:201)\r\n\tat org.openqa.selenium.support.ui.ExpectedConditions$22.apply(ExpectedConditions.java:641)\r\n\tat org.openqa.selenium.support.ui.ExpectedConditions$22.apply(ExpectedConditions.java:638)\r\n\tat org.openqa.selenium.support.ui.FluentWait.until(FluentWait.java:249)\r\n\t... 18 more\r\n"},"stage":"finished","description":"To verify mandate creation in active status","steps":[{"name":"User Logs in the application with user eventreportsct.","status":"passed","stage":"finished","steps":[],"attachments":[{"name":"Page screenshot","source":"a59a0d91-4608-48d2-84cb-987c2fe33855-attachment","type":"image/png"}],"parameters":[{"name":"user","value":"eventreportsct"}],"start":1605107956218,"stop":1605107972826},{"name":"User selects menu with value {Submenu} ","status":"passed","stage":"finished","steps":[],"attachments":[],"parameters":[{"name":"menu","value":"File Supervision"},{"name":"subMenu","value":"Event Report Search"}],"start":1605107972826,"stop":1605107993014}],"attachments":[],"parameters":[{"name":"environment","value":"RCI"},{"name":"browser","value":"chromelocal"}],"start":1605107956218,"stop":1605108055983,"uuid":"7bffc673-1f6c-4a87-b5b0-f67f0eb8bbfa","historyId":"91ebce1d881fab2a9aef3d5c64bba71b","fullName":"sctEventReport.EVREP_SCT_003_Export_Empty_ReportTest.EVREP_SCT_003_Export_Empty_Report","labels":[{"name":"package","value":"sctEventReport.EVREP_SCT_003_Export_Empty_ReportTest"},{"name":"testClass","value":"sctEventReport.EVREP_SCT_003_Export_Empty_ReportTest"},{"name":"testMethod","value":"EVREP_SCT_003_Export_Empty_Report"},{"name":"parentSuite","value":"Suite"},{"name":"suite","value":"Regression for SPS-SCT Event Report"},{"name":"subSuite","value":"sctEventReport.EVREP_SCT_003_Export_Empty_ReportTest"},{"name":"host","value":"DESKTOP-L3OAS3D"},{"name":"thread","value":"21788@DESKTOP-L3OAS3D.TestNG-test=Regression for SPS-SCT Event Report-3(207)"},{"name":"framework","value":"testng"},{"name":"language","value":"java"}],"links":[]}