{"name":"accSDD008IssueSDD","status":"failed","statusDetails":{"known":false,"muted":false,"flaky":false,"message":"expected [Created] but found [Generated]","trace":"java.lang.AssertionError: expected [Created] but found [Generated]\r\n\tat org.testng.Assert.fail(Assert.java:97)\r\n\tat org.testng.Assert.assertEqualsImpl(Assert.java:136)\r\n\tat org.testng.Assert.assertEquals(Assert.java:118)\r\n\tat org.testng.Assert.assertEquals(Assert.java:575)\r\n\tat org.testng.Assert.assertEquals(Assert.java:585)\r\n\tat spspages.TranscationManagement.searchTranscationAndValidateStatus(TranscationManagement.java:319)\r\n\tat sddTest.AccSDD008IssueSDDTest.accSDD008IssueSDD(AccSDD008IssueSDDTest.java:41)\r\n\tat sun.reflect.NativeMethodAccessorImpl.invoke0(Native Method)\r\n\tat sun.reflect.NativeMethodAccessorImpl.invoke(NativeMethodAccessorImpl.java:62)\r\n\tat sun.reflect.DelegatingMethodAccessorImpl.invoke(DelegatingMethodAccessorImpl.java:43)\r\n\tat java.lang.reflect.Method.invoke(Method.java:498)\r\n\tat org.testng.internal.MethodInvocationHelper.invokeMethod(MethodInvocationHelper.java:134)\r\n\tat org.testng.internal.TestInvoker.invokeMethod(TestInvoker.java:597)\r\n\tat org.testng.internal.TestInvoker.invokeTestMethod(TestInvoker.java:173)\r\n\tat org.testng.internal.MethodRunner.runInSequence(MethodRunner.java:46)\r\n\tat org.testng.internal.TestInvoker$MethodInvocationAgent.invoke(TestInvoker.java:816)\r\n\tat org.testng.internal.TestInvoker.invokeTestMethods(TestInvoker.java:146)\r\n\tat org.testng.internal.TestMethodWorker.invokeTestMethods(TestMethodWorker.java:146)\r\n\tat org.testng.internal.TestMethodWorker.run(TestMethodWorker.java:128)\r\n\tat java.util.concurrent.ThreadPoolExecutor.runWorker(ThreadPoolExecutor.java:1149)\r\n\tat java.util.concurrent.ThreadPoolExecutor$Worker.run(ThreadPoolExecutor.java:624)\r\n\tat java.lang.Thread.run(Thread.java:748)\r\n"},"stage":"finished","steps":[{"name":"User Logs in the application with user default.","status":"passed","stage":"finished","steps":[],"attachments":[{"name":"Page screenshot","source":"fbfee4bc-92a3-434e-a76a-3b76b9389754-attachment","type":"image/png"}],"parameters":[{"name":"user","value":"default"}],"start":1605106549289,"stop":1605106564827},{"name":"User create the SDD.","status":"passed","stage":"finished","steps":[],"attachments":[{"name":"Page screenshot","source":"4fad703c-4d32-4c06-9653-a15795c6ea79-attachment","type":"image/png"}],"parameters":[{"name":"sdd","value":"testdataobjects.SDD@56d48e28"}],"start":1605106590501,"stop":1605106610655},{"name":"User search the transaction and validate the status.","status":"failed","statusDetails":{"known":false,"muted":false,"flaky":false,"message":"expected [Created] but found [Generated]","trace":"java.lang.AssertionError: expected [Created] but found [Generated]\r\n\tat org.testng.Assert.fail(Assert.java:97)\r\n\tat org.testng.Assert.assertEqualsImpl(Assert.java:136)\r\n\tat org.testng.Assert.assertEquals(Assert.java:118)\r\n\tat org.testng.Assert.assertEquals(Assert.java:575)\r\n\tat org.testng.Assert.assertEquals(Assert.java:585)\r\n\tat spspages.TranscationManagement.searchTranscationAndValidateStatus(TranscationManagement.java:319)\r\n\tat sddTest.AccSDD008IssueSDDTest.accSDD008IssueSDD(AccSDD008IssueSDDTest.java:41)\r\n\tat sun.reflect.NativeMethodAccessorImpl.invoke0(Native Method)\r\n\tat sun.reflect.NativeMethodAccessorImpl.invoke(NativeMethodAccessorImpl.java:62)\r\n\tat sun.reflect.DelegatingMethodAccessorImpl.invoke(DelegatingMethodAccessorImpl.java:43)\r\n\tat java.lang.reflect.Method.invoke(Method.java:498)\r\n\tat org.testng.internal.MethodInvocationHelper.invokeMethod(MethodInvocationHelper.java:134)\r\n\tat org.testng.internal.TestInvoker.invokeMethod(TestInvoker.java:597)\r\n\tat org.testng.internal.TestInvoker.invokeTestMethod(TestInvoker.java:173)\r\n\tat org.testng.internal.MethodRunner.runInSequence(MethodRunner.java:46)\r\n\tat org.testng.internal.TestInvoker$MethodInvocationAgent.invoke(TestInvoker.java:816)\r\n\tat org.testng.internal.TestInvoker.invokeTestMethods(TestInvoker.java:146)\r\n\tat org.testng.internal.TestMethodWorker.invokeTestMethods(TestMethodWorker.java:146)\r\n\tat org.testng.internal.TestMethodWorker.run(TestMethodWorker.java:128)\r\n\tat java.util.concurrent.ThreadPoolExecutor.runWorker(ThreadPoolExecutor.java:1149)\r\n\tat java.util.concurrent.ThreadPoolExecutor$Worker.run(ThreadPoolExecutor.java:624)\r\n\tat java.lang.Thread.run(Thread.java:748)\r\n"},"stage":"finished","steps":[{"name":"User selects menu with value {Submenu} ","status":"passed","stage":"finished","steps":[],"attachments":[{"name":"Page screenshot","source":"dd0c5217-d74a-48b8-8371-a64a79e4db6c-attachment","type":"image/png"}],"parameters":[{"name":"menu","value":"Transactions Management"},{"name":"subMenu","value":"Search for Transactions"}],"start":1605106610655,"stop":1605106628266}],"attachments":[{"name":"Page screenshot","source":"d32f39db-fe7e-433c-b820-8c5895fee1c1-attachment","type":"image/png"},{"name":"Page screenshot","source":"81be8711-035f-4b98-88c2-7f6ef91e872d-attachment","type":"image/png"}],"parameters":[{"name":"id","value":"109381"},{"name":"expected","value":"Created"}],"start":1605106610655,"stop":1605106639211}],"attachments":[],"parameters":[{"name":"environment","value":"RCI"},{"name":"browser","value":"chromelocal"}],"start":1605106549276,"stop":1605106639211,"uuid":"9087eba6-2634-4f6c-a695-18aac0b1d75a","historyId":"bda057c688c610af400aabcc09b78bd1","fullName":"sddTest.AccSDD008IssueSDDTest.accSDD008IssueSDD","labels":[{"name":"package","value":"sddTest.AccSDD008IssueSDDTest"},{"name":"testClass","value":"sddTest.AccSDD008IssueSDDTest"},{"name":"testMethod","value":"accSDD008IssueSDD"},{"name":"parentSuite","value":"Suite"},{"name":"suite","value":"Regression Tests for SPS-SDD "},{"name":"subSuite","value":"sddTest.AccSDD008IssueSDDTest"},{"name":"host","value":"DESKTOP-L3OAS3D"},{"name":"thread","value":"21788@DESKTOP-L3OAS3D.TestNG-test=Regression Tests for SPS-SDD -3(56)"},{"name":"framework","value":"testng"},{"name":"language","value":"java"}],"links":[]}