{"name":"EVREP_SDD_001_Init_Orga","status":"broken","statusDetails":{"known":false,"muted":false,"flaky":false,"message":"Expected condition failed: waiting for visibility of element located by By.xpath: .//*[@id='accountList-avail']/option (tried for 60 second(s) with 500 milliseconds interval)","trace":"org.openqa.selenium.TimeoutException: Expected condition failed: waiting for visibility of element located by By.xpath: .//*[@id='accountList-avail']/option (tried for 60 second(s) with 500 milliseconds interval)\r\n\tat org.openqa.selenium.support.ui.WebDriverWait.timeoutException(WebDriverWait.java:95)\r\n\tat org.openqa.selenium.support.ui.FluentWait.until(FluentWait.java:272)\r\n\tat utilies.UserActions.waitForElementVisible(UserActions.java:497)\r\n\tat spspages.NodeRootPage.addAccountToNode(NodeRootPage.java:90)\r\n\tat sddEventReport.EVREP_SDD_001_Init_OrgaTest.EVREP_SDD_001_Init_Orga(EVREP_SDD_001_Init_OrgaTest.java:66)\r\n\tat sun.reflect.NativeMethodAccessorImpl.invoke0(Native Method)\r\n\tat sun.reflect.NativeMethodAccessorImpl.invoke(NativeMethodAccessorImpl.java:62)\r\n\tat sun.reflect.DelegatingMethodAccessorImpl.invoke(DelegatingMethodAccessorImpl.java:43)\r\n\tat java.lang.reflect.Method.invoke(Method.java:498)\r\n\tat org.testng.internal.MethodInvocationHelper.invokeMethod(MethodInvocationHelper.java:134)\r\n\tat org.testng.internal.TestInvoker.invokeMethod(TestInvoker.java:597)\r\n\tat org.testng.internal.TestInvoker.invokeTestMethod(TestInvoker.java:173)\r\n\tat org.testng.internal.MethodRunner.runInSequence(MethodRunner.java:46)\r\n\tat org.testng.internal.TestInvoker$MethodInvocationAgent.invoke(TestInvoker.java:816)\r\n\tat org.testng.internal.TestInvoker.invokeTestMethods(TestInvoker.java:146)\r\n\tat org.testng.internal.TestMethodWorker.invokeTestMethods(TestMethodWorker.java:146)\r\n\tat org.testng.internal.TestMethodWorker.run(TestMethodWorker.java:128)\r\n\tat java.util.concurrent.ThreadPoolExecutor.runWorker(ThreadPoolExecutor.java:1149)\r\n\tat java.util.concurrent.ThreadPoolExecutor$Worker.run(ThreadPoolExecutor.java:624)\r\n\tat java.lang.Thread.run(Thread.java:748)\r\nCaused by: org.openqa.selenium.NoSuchElementException: no such element: Unable to locate element: {\"method\":\"xpath\",\"selector\":\".//*[@id='accountList-avail']/option\"}\n  (Session info: chrome=86.0.4240.111)\nFor documentation on this error, please visit: https://www.seleniumhq.org/exceptions/no_such_element.html\nBuild info: version: '3.141.59', revision: 'e82be7d358', time: '2018-11-14T08:17:03'\nSystem info: host: 'DESKTOP-L3OAS3D', ip: '10.89.66.85', os.name: 'Windows 10', os.arch: 'amd64', os.version: '10.0', java.version: '1.8.0_192'\nDriver info: org.openqa.selenium.chrome.ChromeDriver\nCapabilities {acceptInsecureCerts: false, browserName: chrome, browserVersion: 86.0.4240.111, chrome: {chromedriverVersion: 86.0.4240.22 (398b0743353ff..., userDataDir: C:\\Users\\A687416\\AppData\\Lo...}, goog:chromeOptions: {debuggerAddress: localhost:55157}, javascriptEnabled: true, networkConnectionEnabled: false, pageLoadStrategy: normal, platform: WINDOWS, platformName: WINDOWS, proxy: Proxy(), setWindowRect: true, strictFileInteractability: false, timeouts: {implicit: 0, pageLoad: 300000, script: 30000}, unhandledPromptBehavior: dismiss and notify, webauthn:virtualAuthenticators: true}\nSession ID: 637ae48196920cb88a1fb4e5fb58a8b6\n*** Element info: {Using=xpath, value=.//*[@id='accountList-avail']/option}\r\n\tat sun.reflect.NativeConstructorAccessorImpl.newInstance0(Native Method)\r\n\tat sun.reflect.NativeConstructorAccessorImpl.newInstance(NativeConstructorAccessorImpl.java:62)\r\n\tat sun.reflect.DelegatingConstructorAccessorImpl.newInstance(DelegatingConstructorAccessorImpl.java:45)\r\n\tat java.lang.reflect.Constructor.newInstance(Constructor.java:423)\r\n\tat org.openqa.selenium.remote.http.W3CHttpResponseCodec.createException(W3CHttpResponseCodec.java:187)\r\n\tat org.openqa.selenium.remote.http.W3CHttpResponseCodec.decode(W3CHttpResponseCodec.java:122)\r\n\tat org.openqa.selenium.remote.http.W3CHttpResponseCodec.decode(W3CHttpResponseCodec.java:49)\r\n\tat org.openqa.selenium.remote.HttpCommandExecutor.execute(HttpCommandExecutor.java:158)\r\n\tat org.openqa.selenium.remote.service.DriverCommandExecutor.execute(DriverCommandExecutor.java:83)\r\n\tat org.openqa.selenium.remote.RemoteWebDriver.execute(RemoteWebDriver.java:552)\r\n\tat org.openqa.selenium.remote.RemoteWebDriver.findElement(RemoteWebDriver.java:323)\r\n\tat org.openqa.selenium.remote.RemoteWebDriver.findElementByXPath(RemoteWebDriver.java:428)\r\n\tat org.openqa.selenium.By$ByXPath.findElement(By.java:353)\r\n\tat org.openqa.selenium.remote.RemoteWebDriver.findElement(RemoteWebDriver.java:315)\r\n\tat org.openqa.selenium.support.ui.ExpectedConditions$7.apply(ExpectedConditions.java:205)\r\n\tat org.openqa.selenium.support.ui.ExpectedConditions$7.apply(ExpectedConditions.java:201)\r\n\tat org.openqa.selenium.support.ui.FluentWait.until(FluentWait.java:249)\r\n\t... 18 more\r\n"},"stage":"finished","steps":[{"name":"User Logs in the application with user default.","status":"passed","stage":"finished","steps":[],"attachments":[{"name":"Page screenshot","source":"00d69a2f-4540-42fd-ae52-0de7fd2c104f-attachment","type":"image/png"}],"parameters":[{"name":"user","value":"default"}],"start":1604484477111,"stop":1604484543214}],"attachments":[],"parameters":[{"name":"environment","value":"RCI"},{"name":"browser","value":"chromelocal"}],"start":1604484476053,"stop":1604484927000,"uuid":"a2989856-b631-4c2f-9265-4fd43302e9fc","historyId":"d890db191f89179b1db218d479e4919","fullName":"sddEventReport.EVREP_SDD_001_Init_OrgaTest.EVREP_SDD_001_Init_Orga","labels":[{"name":"package","value":"sddEventReport.EVREP_SDD_001_Init_OrgaTest"},{"name":"testClass","value":"sddEventReport.EVREP_SDD_001_Init_OrgaTest"},{"name":"testMethod","value":"EVREP_SDD_001_Init_Orga"},{"name":"parentSuite","value":"Suite"},{"name":"suite","value":"Regression for SPS-SCT Event Report"},{"name":"subSuite","value":"sddEventReport.EVREP_SDD_001_Init_OrgaTest"},{"name":"host","value":"DESKTOP-L3OAS3D"},{"name":"thread","value":"20280@DESKTOP-L3OAS3D.TestNG-test=Regression for SPS-SCT Event Report-1(13)"},{"name":"framework","value":"testng"},{"name":"language","value":"java"}],"links":[]}