{"name":"Test to verify BBAN functionality of mandate  creation","status":"broken","statusDetails":{"known":false,"muted":false,"flaky":false,"message":"no such element: Unable to locate element: {\"method\":\"css selector\",\"selector\":\"#optionBbanField\"}\n  (Session info: chrome=86.0.4240.183)\nFor documentation on this error, please visit: https://www.seleniumhq.org/exceptions/no_such_element.html\nBuild info: version: '3.141.59', revision: 'e82be7d358', time: '2018-11-14T08:17:03'\nSystem info: host: 'DESKTOP-L3OAS3D', ip: '10.89.66.46', os.name: 'Windows 10', os.arch: 'amd64', os.version: '10.0', java.version: '1.8.0_192'\nDriver info: org.openqa.selenium.chrome.ChromeDriver\nCapabilities {acceptInsecureCerts: false, browserName: chrome, browserVersion: 86.0.4240.183, chrome: {chromedriverVersion: 86.0.4240.22 (398b0743353ff..., userDataDir: C:\\Users\\A687416\\AppData\\Lo...}, goog:chromeOptions: {debuggerAddress: localhost:51541}, javascriptEnabled: true, networkConnectionEnabled: false, pageLoadStrategy: normal, platform: WINDOWS, platformName: WINDOWS, proxy: Proxy(), setWindowRect: true, strictFileInteractability: false, timeouts: {implicit: 0, pageLoad: 300000, script: 30000}, unhandledPromptBehavior: dismiss and notify, webauthn:virtualAuthenticators: true}\nSession ID: 9479641e22b44676594ad115acccbdf3\n*** Element info: {Using=id, value=optionBbanField}","trace":"org.openqa.selenium.NoSuchElementException: no such element: Unable to locate element: {\"method\":\"css selector\",\"selector\":\"#optionBbanField\"}\n  (Session info: chrome=86.0.4240.183)\nFor documentation on this error, please visit: https://www.seleniumhq.org/exceptions/no_such_element.html\nBuild info: version: '3.141.59', revision: 'e82be7d358', time: '2018-11-14T08:17:03'\nSystem info: host: 'DESKTOP-L3OAS3D', ip: '10.89.66.46', os.name: 'Windows 10', os.arch: 'amd64', os.version: '10.0', java.version: '1.8.0_192'\nDriver info: org.openqa.selenium.chrome.ChromeDriver\nCapabilities {acceptInsecureCerts: false, browserName: chrome, browserVersion: 86.0.4240.183, chrome: {chromedriverVersion: 86.0.4240.22 (398b0743353ff..., userDataDir: C:\\Users\\A687416\\AppData\\Lo...}, goog:chromeOptions: {debuggerAddress: localhost:51541}, javascriptEnabled: true, networkConnectionEnabled: false, pageLoadStrategy: normal, platform: WINDOWS, platformName: WINDOWS, proxy: Proxy(), setWindowRect: true, strictFileInteractability: false, timeouts: {implicit: 0, pageLoad: 300000, script: 30000}, unhandledPromptBehavior: dismiss and notify, webauthn:virtualAuthenticators: true}\nSession ID: 9479641e22b44676594ad115acccbdf3\n*** Element info: {Using=id, value=optionBbanField}\r\n\tat sun.reflect.GeneratedConstructorAccessor50.newInstance(Unknown Source)\r\n\tat sun.reflect.DelegatingConstructorAccessorImpl.newInstance(DelegatingConstructorAccessorImpl.java:45)\r\n\tat java.lang.reflect.Constructor.newInstance(Constructor.java:423)\r\n\tat org.openqa.selenium.remote.http.W3CHttpResponseCodec.createException(W3CHttpResponseCodec.java:187)\r\n\tat org.openqa.selenium.remote.http.W3CHttpResponseCodec.decode(W3CHttpResponseCodec.java:122)\r\n\tat org.openqa.selenium.remote.http.W3CHttpResponseCodec.decode(W3CHttpResponseCodec.java:49)\r\n\tat org.openqa.selenium.remote.HttpCommandExecutor.execute(HttpCommandExecutor.java:158)\r\n\tat org.openqa.selenium.remote.service.DriverCommandExecutor.execute(DriverCommandExecutor.java:83)\r\n\tat org.openqa.selenium.remote.RemoteWebDriver.execute(RemoteWebDriver.java:552)\r\n\tat org.openqa.selenium.remote.RemoteWebDriver.findElement(RemoteWebDriver.java:323)\r\n\tat org.openqa.selenium.remote.RemoteWebDriver.findElementById(RemoteWebDriver.java:372)\r\n\tat org.openqa.selenium.By$ById.findElement(By.java:188)\r\n\tat org.openqa.selenium.remote.RemoteWebDriver.findElement(RemoteWebDriver.java:315)\r\n\tat utilies.UserActions.selectCheckboxIfUnchecked(UserActions.java:231)\r\n\tat spspages.MandatePage.validateAndFillBBAN(MandatePage.java:439)\r\n\tat mandateTest.MND_UBB_000_IHM_M11_1Test.mandateCreationwithBBAN(MND_UBB_000_IHM_M11_1Test.java:41)\r\n\tat sun.reflect.NativeMethodAccessorImpl.invoke0(Native Method)\r\n\tat sun.reflect.NativeMethodAccessorImpl.invoke(NativeMethodAccessorImpl.java:62)\r\n\tat sun.reflect.DelegatingMethodAccessorImpl.invoke(DelegatingMethodAccessorImpl.java:43)\r\n\tat java.lang.reflect.Method.invoke(Method.java:498)\r\n\tat org.testng.internal.MethodInvocationHelper.invokeMethod(MethodInvocationHelper.java:134)\r\n\tat org.testng.internal.TestInvoker.invokeMethod(TestInvoker.java:597)\r\n\tat org.testng.internal.TestInvoker.invokeTestMethod(TestInvoker.java:173)\r\n\tat org.testng.internal.MethodRunner.runInSequence(MethodRunner.java:46)\r\n\tat org.testng.internal.TestInvoker$MethodInvocationAgent.invoke(TestInvoker.java:816)\r\n\tat org.testng.internal.TestInvoker.invokeTestMethods(TestInvoker.java:146)\r\n\tat org.testng.internal.TestMethodWorker.invokeTestMethods(TestMethodWorker.java:146)\r\n\tat org.testng.internal.TestMethodWorker.run(TestMethodWorker.java:128)\r\n\tat java.util.concurrent.ThreadPoolExecutor.runWorker(ThreadPoolExecutor.java:1149)\r\n\tat java.util.concurrent.ThreadPoolExecutor$Worker.run(ThreadPoolExecutor.java:624)\r\n\tat java.lang.Thread.run(Thread.java:748)\r\n"},"stage":"finished","description":"Test to verify BBAN functionality of mandate  creation","steps":[{"name":"User Logs in the application with user mandateuser.","status":"passed","stage":"finished","steps":[],"attachments":[{"name":"Page screenshot","source":"c92da4df-1dde-4560-9c27-b94c0bd96cf1-attachment","type":"image/png"}],"parameters":[{"name":"user","value":"mandateuser"}],"start":1605107445232,"stop":1605107453856},{"name":"User selects menu with value {Submenu} ","status":"passed","stage":"finished","steps":[],"attachments":[],"parameters":[{"name":"menu","value":"Mandates Management"},{"name":"subMenu","value":"New Mandate"}],"start":1605107453856,"stop":1605107473946},{"name":"Validate BBAN field and enter BBAN","status":"broken","statusDetails":{"known":false,"muted":false,"flaky":false,"message":"no such element: Unable to locate element: {\"method\":\"css selector\",\"selector\":\"#optionBbanField\"}\n  (Session info: chrome=86.0.4240.183)\nFor documentation on this error, please visit: https://www.seleniumhq.org/exceptions/no_such_element.html\nBuild info: version: '3.141.59', revision: 'e82be7d358', time: '2018-11-14T08:17:03'\nSystem info: host: 'DESKTOP-L3OAS3D', ip: '10.89.66.46', os.name: 'Windows 10', os.arch: 'amd64', os.version: '10.0', java.version: '1.8.0_192'\nDriver info: org.openqa.selenium.chrome.ChromeDriver\nCapabilities {acceptInsecureCerts: false, browserName: chrome, browserVersion: 86.0.4240.183, chrome: {chromedriverVersion: 86.0.4240.22 (398b0743353ff..., userDataDir: C:\\Users\\A687416\\AppData\\Lo...}, goog:chromeOptions: {debuggerAddress: localhost:51541}, javascriptEnabled: true, networkConnectionEnabled: false, pageLoadStrategy: normal, platform: WINDOWS, platformName: WINDOWS, proxy: Proxy(), setWindowRect: true, strictFileInteractability: false, timeouts: {implicit: 0, pageLoad: 300000, script: 30000}, unhandledPromptBehavior: dismiss and notify, webauthn:virtualAuthenticators: true}\nSession ID: 9479641e22b44676594ad115acccbdf3\n*** Element info: {Using=id, value=optionBbanField}","trace":"org.openqa.selenium.NoSuchElementException: no such element: Unable to locate element: {\"method\":\"css selector\",\"selector\":\"#optionBbanField\"}\n  (Session info: chrome=86.0.4240.183)\nFor documentation on this error, please visit: https://www.seleniumhq.org/exceptions/no_such_element.html\nBuild info: version: '3.141.59', revision: 'e82be7d358', time: '2018-11-14T08:17:03'\nSystem info: host: 'DESKTOP-L3OAS3D', ip: '10.89.66.46', os.name: 'Windows 10', os.arch: 'amd64', os.version: '10.0', java.version: '1.8.0_192'\nDriver info: org.openqa.selenium.chrome.ChromeDriver\nCapabilities {acceptInsecureCerts: false, browserName: chrome, browserVersion: 86.0.4240.183, chrome: {chromedriverVersion: 86.0.4240.22 (398b0743353ff..., userDataDir: C:\\Users\\A687416\\AppData\\Lo...}, goog:chromeOptions: {debuggerAddress: localhost:51541}, javascriptEnabled: true, networkConnectionEnabled: false, pageLoadStrategy: normal, platform: WINDOWS, platformName: WINDOWS, proxy: Proxy(), setWindowRect: true, strictFileInteractability: false, timeouts: {implicit: 0, pageLoad: 300000, script: 30000}, unhandledPromptBehavior: dismiss and notify, webauthn:virtualAuthenticators: true}\nSession ID: 9479641e22b44676594ad115acccbdf3\n*** Element info: {Using=id, value=optionBbanField}\r\n\tat sun.reflect.GeneratedConstructorAccessor50.newInstance(Unknown Source)\r\n\tat sun.reflect.DelegatingConstructorAccessorImpl.newInstance(DelegatingConstructorAccessorImpl.java:45)\r\n\tat java.lang.reflect.Constructor.newInstance(Constructor.java:423)\r\n\tat org.openqa.selenium.remote.http.W3CHttpResponseCodec.createException(W3CHttpResponseCodec.java:187)\r\n\tat org.openqa.selenium.remote.http.W3CHttpResponseCodec.decode(W3CHttpResponseCodec.java:122)\r\n\tat org.openqa.selenium.remote.http.W3CHttpResponseCodec.decode(W3CHttpResponseCodec.java:49)\r\n\tat org.openqa.selenium.remote.HttpCommandExecutor.execute(HttpCommandExecutor.java:158)\r\n\tat org.openqa.selenium.remote.service.DriverCommandExecutor.execute(DriverCommandExecutor.java:83)\r\n\tat org.openqa.selenium.remote.RemoteWebDriver.execute(RemoteWebDriver.java:552)\r\n\tat org.openqa.selenium.remote.RemoteWebDriver.findElement(RemoteWebDriver.java:323)\r\n\tat org.openqa.selenium.remote.RemoteWebDriver.findElementById(RemoteWebDriver.java:372)\r\n\tat org.openqa.selenium.By$ById.findElement(By.java:188)\r\n\tat org.openqa.selenium.remote.RemoteWebDriver.findElement(RemoteWebDriver.java:315)\r\n\tat utilies.UserActions.selectCheckboxIfUnchecked(UserActions.java:231)\r\n\tat spspages.MandatePage.validateAndFillBBAN(MandatePage.java:439)\r\n\tat mandateTest.MND_UBB_000_IHM_M11_1Test.mandateCreationwithBBAN(MND_UBB_000_IHM_M11_1Test.java:41)\r\n\tat sun.reflect.NativeMethodAccessorImpl.invoke0(Native Method)\r\n\tat sun.reflect.NativeMethodAccessorImpl.invoke(NativeMethodAccessorImpl.java:62)\r\n\tat sun.reflect.DelegatingMethodAccessorImpl.invoke(DelegatingMethodAccessorImpl.java:43)\r\n\tat java.lang.reflect.Method.invoke(Method.java:498)\r\n\tat org.testng.internal.MethodInvocationHelper.invokeMethod(MethodInvocationHelper.java:134)\r\n\tat org.testng.internal.TestInvoker.invokeMethod(TestInvoker.java:597)\r\n\tat org.testng.internal.TestInvoker.invokeTestMethod(TestInvoker.java:173)\r\n\tat org.testng.internal.MethodRunner.runInSequence(MethodRunner.java:46)\r\n\tat org.testng.internal.TestInvoker$MethodInvocationAgent.invoke(TestInvoker.java:816)\r\n\tat org.testng.internal.TestInvoker.invokeTestMethods(TestInvoker.java:146)\r\n\tat org.testng.internal.TestMethodWorker.invokeTestMethods(TestMethodWorker.java:146)\r\n\tat org.testng.internal.TestMethodWorker.run(TestMethodWorker.java:128)\r\n\tat java.util.concurrent.ThreadPoolExecutor.runWorker(ThreadPoolExecutor.java:1149)\r\n\tat java.util.concurrent.ThreadPoolExecutor$Worker.run(ThreadPoolExecutor.java:624)\r\n\tat java.lang.Thread.run(Thread.java:748)\r\n"},"stage":"finished","steps":[],"attachments":[],"parameters":[{"name":"skipValidationFillDirectly","value":"false"},{"name":"mandate","value":"CreditorEntity ZtestMandateMangement SCI AutomationCreditorTwo - FR30ZZZ173585 BusinessCode PQR CreditorName null CreditorAccount null ThirdPartyFastSearch null DebtorName PureMandateDebitor Email wordline@gmail.com PhoneNumber null DebtorIdentifier null UseofBBAN false DebtorIBAN FR7612548029981234567890161 DebtorBIC null AddressType null StreetNumber null PostalCode 450001 StreetName Kiwale City Pune Country France MandateType null AutomaticUMRGeneration false UMRtemplate null Scheme null SequenceType OOFF ContractInformation null UIR null SignatureDate null SignatureCity null ContractDescription null CommunicationLanguage null NotificationModeForDebtor null UltimateDebtorName null UltimateDebtorIdentifier null UltimateCreditorName null UltimateCreditorIdentifier null PhysicalArchivingKey null Description null Filepath null"}],"start":1605107473956,"stop":1605107484027}],"attachments":[],"parameters":[{"name":"environment","value":"RCI"},{"name":"browser","value":"chromelocal"}],"start":1605107445228,"stop":1605107484027,"uuid":"fb08895e-f0b7-4108-bd2b-21c0f342f4a7","historyId":"68d330200eb79393cc579f59fc47a26d","fullName":"mandateTest.MND_UBB_000_IHM_M11_1Test.mandateCreationwithBBAN","labels":[{"name":"package","value":"mandateTest.MND_UBB_000_IHM_M11_1Test"},{"name":"testClass","value":"mandateTest.MND_UBB_000_IHM_M11_1Test"},{"name":"testMethod","value":"mandateCreationwithBBAN"},{"name":"parentSuite","value":"Suite"},{"name":"suite","value":"Regression for SPS-Mandate"},{"name":"subSuite","value":"mandateTest.MND_UBB_000_IHM_M11_1Test"},{"name":"host","value":"DESKTOP-L3OAS3D"},{"name":"thread","value":"21788@DESKTOP-L3OAS3D.TestNG-test=Regression for SPS-Mandate-2(102)"},{"name":"framework","value":"testng"},{"name":"language","value":"java"}],"links":[]}